[21:31:15] [Client thread/INFO]: Setting user: Player968
[21:31:18] [Client thread/INFO]: LWJGL Version: 2.9.1
[21:31:23] [Client thread/INFO]: Reloading ResourceManager: Default, FMLFileResourcePack:Forge Mod Loader, FMLFileResourcePack:Minecraft Forge, FMLFileResourcePack:Battle Mod
[21:31:23] [Client thread/WARN]: ResourcePack: ignored non-lowercase namespace: %s in %s
[21:31:23] [Sound Library Loader/INFO]: Starting up SoundSystem...
[21:31:24] [Thread-7/INFO]: Initializing LWJGL OpenAL
[21:31:24] [Thread-7/INFO]: (The LWJGL binding of OpenAL.  For more information, see http://www.lwjgl.org)
[21:31:24] [Thread-7/INFO]: OpenAL initialized.
[21:31:24] [Sound Library Loader/INFO]: Sound engine started
[21:31:31] [Client thread/INFO]: Created: 512x512 textures-atlas
[21:31:32] [Client thread/INFO]: Reloading ResourceManager: Default, FMLFileResourcePack:Forge Mod Loader, FMLFileResourcePack:Minecraft Forge, FMLFileResourcePack:Battle Mod
[21:31:32] [Client thread/WARN]: ResourcePack: ignored non-lowercase namespace: %s in %s
[21:31:32] [Client thread/INFO]: SoundSystem shutting down...
[21:31:32] [Client thread/WARN]: Author: Paul Lamb, www.paulscode.com
[21:31:32] [Sound Library Loader/INFO]: Starting up SoundSystem...
[21:31:32] [Thread-9/INFO]: Initializing LWJGL OpenAL
[21:31:32] [Thread-9/INFO]: (The LWJGL binding of OpenAL.  For more information, see http://www.lwjgl.org)
[21:31:32] [Thread-9/INFO]: OpenAL initialized.
[21:31:32] [Sound Library Loader/INFO]: Sound engine started
[21:31:39] [Client thread/INFO]: Created: 512x512 textures-atlas
[21:32:39] [Server thread/INFO]: Starting integrated minecraft server version 1.8
[21:32:39] [Server thread/INFO]: Generating keypair
[21:32:39] [Server thread/INFO]: Preparing start region for level 0
[21:32:40] [Server thread/INFO]: Preparing spawn area: 87%
[21:32:41] [Server thread/INFO]: Changing view distance to 12, from 10
[21:32:41] [Server thread/INFO]: Player968[local:E:7f996642] logged in with entity id 197 at (-139.04689970499106, 68.0, 226.68883252153137)
[21:32:41] [Server thread/INFO]: Player968 joined the game
[21:32:44] [Server thread/INFO]: Player968 has just earned the achievement [Taking Inventory]
[21:32:44] [Client thread/INFO]: [CHAT] Player968 has just earned the achievement [Taking Inventory]
[21:32:48] [Server thread/INFO]: Stopping server
[21:32:48] [Server thread/INFO]: Saving players
[21:32:48] [Server thread/INFO]: Saving worlds
[21:32:48] [Server thread/INFO]: Saving chunks for level 'New World'/Overworld
[21:32:48] [Server thread/INFO]: Saving chunks for level 'New World'/Nether
[21:32:48] [Server thread/INFO]: Saving chunks for level 'New World'/The End
[21:32:49] [Client thread/FATAL]: Reported exception thrown!
net.minecraft.util.ReportedException: Rendering item
	at net.minecraft.client.renderer.EntityRenderer.updateCameraAndRender(EntityRenderer.java:1164) ~[EntityRenderer.class:?]
	at net.minecraft.client.Minecraft.runGameLoop(Minecraft.java:1107) ~[Minecraft.class:?]
	at net.minecraft.client.Minecraft.run(Minecraft.java:376) [Minecraft.class:?]
	at net.minecraft.client.main.Main.main(Main.java:117) [Main.class:?]
	at sun.reflect.NativeMethodAccessorImpl.invoke0(Native Method) ~[?:1.8.0_25]
	at sun.reflect.NativeMethodAccessorImpl.invoke(NativeMethodAccessorImpl.java:62) ~[?:1.8.0_25]
	at sun.reflect.DelegatingMethodAccessorImpl.invoke(DelegatingMethodAccessorImpl.java:43) ~[?:1.8.0_25]
	at java.lang.reflect.Method.invoke(Method.java:483) ~[?:1.8.0_25]
	at net.minecraft.launchwrapper.Launch.launch(Launch.java:135) [launchwrapper-1.11.jar:?]
	at net.minecraft.launchwrapper.Launch.main(Launch.java:28) [launchwrapper-1.11.jar:?]
	at net.minecraftforge.gradle.GradleStartCommon.launch(Unknown Source) [start/:?]
	at GradleStart.main(Unknown Source) [start/:?]
	at sun.reflect.NativeMethodAccessorImpl.invoke0(Native Method) ~[?:1.8.0_25]
	at sun.reflect.NativeMethodAccessorImpl.invoke(NativeMethodAccessorImpl.java:62) ~[?:1.8.0_25]
	at sun.reflect.DelegatingMethodAccessorImpl.invoke(DelegatingMethodAccessorImpl.java:43) ~[?:1.8.0_25]
	at java.lang.reflect.Method.invoke(Method.java:483) ~[?:1.8.0_25]
	at com.intellij.rt.execution.application.AppMain.main(AppMain.java:140) [idea_rt.jar:?]
Caused by: java.lang.NullPointerException
	at net.minecraft.item.ItemStack.getMetadata(ItemStack.java:280) ~[ItemStack.class:?]
	at net.minecraft.client.renderer.ItemModelMesher.getMetadata(ItemModelMesher.java:70) ~[ItemModelMesher.class:?]
	at net.minecraft.client.renderer.ItemModelMesher.getItemModel(ItemModelMesher.java:43) ~[ItemModelMesher.class:?]
	at net.minecraft.client.renderer.entity.RenderItem.renderItemIntoGUI(RenderItem.java:363) ~[RenderItem.class:?]
	at net.minecraft.client.renderer.entity.RenderItem.renderItemAndEffectIntoGUI(RenderItem.java:414) ~[RenderItem.class:?]
	at net.minecraft.client.gui.inventory.GuiContainerCreative.func_147051_a(GuiContainerCreative.java:956) ~[GuiContainerCreative.class:?]
	at net.minecraft.client.gui.inventory.GuiContainerCreative.drawGuiContainerBackgroundLayer(GuiContainerCreative.java:783) ~[GuiContainerCreative.class:?]
	at net.minecraft.client.gui.inventory.GuiContainer.drawScreen(GuiContainer.java:95) ~[GuiContainer.class:?]
	at net.minecraft.client.renderer.InventoryEffectRenderer.drawScreen(InventoryEffectRenderer.java:53) ~[InventoryEffectRenderer.class:?]
	at net.minecraft.client.gui.inventory.GuiContainerCreative.drawScreen(GuiContainerCreative.java:659) ~[GuiContainerCreative.class:?]
	at net.minecraftforge.client.ForgeHooksClient.drawScreen(ForgeHooksClient.java:462) ~[ForgeHooksClient.class:?]
	at net.minecraft.client.renderer.EntityRenderer.updateCameraAndRender(EntityRenderer.java:1134) ~[EntityRenderer.class:?]
	... 16 more
[19:28:15] [Client thread/INFO]: Setting user: Player515
[19:28:19] [Client thread/INFO]: LWJGL Version: 2.9.1
