[10:06:27] [Client thread/INFO]: Setting user: Player468
[10:06:29] [Client thread/INFO]: LWJGL Version: 2.9.1
[10:06:34] [Client thread/INFO]: Reloading ResourceManager: Default, FMLFileResourcePack:Forge Mod Loader, FMLFileResourcePack:Minecraft Forge, FMLFileResourcePack:Battle Mod
[10:06:35] [Sound Library Loader/INFO]: Starting up SoundSystem...
[10:06:35] [Thread-7/INFO]: Initializing LWJGL OpenAL
[10:06:35] [Thread-7/INFO]: (The LWJGL binding of OpenAL.  For more information, see http://www.lwjgl.org)
[10:06:35] [Thread-7/INFO]: OpenAL initialized.
[10:06:36] [Sound Library Loader/INFO]: Sound engine started
[10:06:39] [Client thread/WARN]: Unable to load definition battlemod:bronze_Block#normal
java.lang.RuntimeException: Encountered an exception when loading model definition of 'battlemod:bronze_Block#normal' from: 'battlemod:blockstates/bronze_Block.json' in resourcepack: 'FMLFileResourcePack:Battle Mod'
	at net.minecraft.client.resources.model.ModelBakery.getModelBlockDefinition(ModelBakery.java:167) ~[ModelBakery.class:?]
	at net.minecraft.client.resources.model.ModelBakery.loadVariants(ModelBakery.java:118) [ModelBakery.class:?]
	at net.minecraftforge.client.model.ModelLoader.loadBlocks(ModelLoader.java:119) [ModelLoader.class:?]
	at net.minecraftforge.client.model.ModelLoader.setupModelRegistry(ModelLoader.java:89) [ModelLoader.class:?]
	at net.minecraft.client.resources.model.ModelManager.onResourceManagerReload(ModelManager.java:29) [ModelManager.class:?]
	at net.minecraft.client.resources.SimpleReloadableResourceManager.registerReloadListener(SimpleReloadableResourceManager.java:124) [SimpleReloadableResourceManager.class:?]
	at net.minecraft.client.Minecraft.startGame(Minecraft.java:507) [Minecraft.class:?]
	at net.minecraft.client.Minecraft.run(Minecraft.java:356) [Minecraft.class:?]
	at net.minecraft.client.main.Main.main(Main.java:117) [Main.class:?]
	at sun.reflect.NativeMethodAccessorImpl.invoke0(Native Method) ~[?:1.8.0_25]
	at sun.reflect.NativeMethodAccessorImpl.invoke(NativeMethodAccessorImpl.java:62) ~[?:1.8.0_25]
	at sun.reflect.DelegatingMethodAccessorImpl.invoke(DelegatingMethodAccessorImpl.java:43) ~[?:1.8.0_25]
	at java.lang.reflect.Method.invoke(Method.java:483) ~[?:1.8.0_25]
	at net.minecraft.launchwrapper.Launch.launch(Launch.java:135) [launchwrapper-1.11.jar:?]
	at net.minecraft.launchwrapper.Launch.main(Launch.java:28) [launchwrapper-1.11.jar:?]
	at net.minecraftforge.gradle.GradleStartCommon.launch(Unknown Source) [start/:?]
	at GradleStart.main(Unknown Source) [start/:?]
	at sun.reflect.NativeMethodAccessorImpl.invoke0(Native Method) ~[?:1.8.0_25]
	at sun.reflect.NativeMethodAccessorImpl.invoke(NativeMethodAccessorImpl.java:62) ~[?:1.8.0_25]
	at sun.reflect.DelegatingMethodAccessorImpl.invoke(DelegatingMethodAccessorImpl.java:43) ~[?:1.8.0_25]
	at java.lang.reflect.Method.invoke(Method.java:483) ~[?:1.8.0_25]
	at com.intellij.rt.execution.application.AppMain.main(AppMain.java:140) [idea_rt.jar:?]
Caused by: com.google.gson.JsonSyntaxException: java.lang.IllegalStateException: Not a JSON Object: "bronze_Block.json"
	at com.google.gson.Gson.fromJson(Gson.java:815) ~[Gson.class:?]
	at com.google.gson.Gson.fromJson(Gson.java:741) ~[Gson.class:?]
	at net.minecraft.client.renderer.block.model.ModelBlockDefinition.parseFromReader(ModelBlockDefinition.java:35) ~[ModelBlockDefinition.class:?]
	at net.minecraft.client.resources.model.ModelBakery.getModelBlockDefinition(ModelBakery.java:162) ~[ModelBakery.class:?]
	... 21 more
Caused by: java.lang.IllegalStateException: Not a JSON Object: "bronze_Block.json"
	at com.google.gson.JsonElement.getAsJsonObject(JsonElement.java:90) ~[JsonElement.class:?]
	at net.minecraft.client.renderer.block.model.ModelBlockDefinition$Deserializer.parseModelBlockDefinition(ModelBlockDefinition.java:103) ~[ModelBlockDefinition$Deserializer.class:?]
	at net.minecraft.client.renderer.block.model.ModelBlockDefinition$Deserializer.deserialize(ModelBlockDefinition.java:149) ~[ModelBlockDefinition$Deserializer.class:?]
	at com.google.gson.TreeTypeAdapter.read(TreeTypeAdapter.java:58) ~[TreeTypeAdapter.class:?]
	at com.google.gson.Gson.fromJson(Gson.java:803) ~[Gson.class:?]
	at com.google.gson.Gson.fromJson(Gson.java:741) ~[Gson.class:?]
	at net.minecraft.client.renderer.block.model.ModelBlockDefinition.parseFromReader(ModelBlockDefinition.java:35) ~[ModelBlockDefinition.class:?]
	at net.minecraft.client.resources.model.ModelBakery.getModelBlockDefinition(ModelBakery.java:162) ~[ModelBakery.class:?]
	... 21 more
[10:06:39] [Client thread/WARN]: Unable to load definition battlemod:copper_Block#normal
java.lang.RuntimeException: Encountered an exception when loading model definition of 'battlemod:copper_Block#normal' from: 'battlemod:blockstates/copper_Block.json' in resourcepack: 'FMLFileResourcePack:Battle Mod'
	at net.minecraft.client.resources.model.ModelBakery.getModelBlockDefinition(ModelBakery.java:167) ~[ModelBakery.class:?]
	at net.minecraft.client.resources.model.ModelBakery.loadVariants(ModelBakery.java:118) [ModelBakery.class:?]
	at net.minecraftforge.client.model.ModelLoader.loadBlocks(ModelLoader.java:119) [ModelLoader.class:?]
	at net.minecraftforge.client.model.ModelLoader.setupModelRegistry(ModelLoader.java:89) [ModelLoader.class:?]
	at net.minecraft.client.resources.model.ModelManager.onResourceManagerReload(ModelManager.java:29) [ModelManager.class:?]
	at net.minecraft.client.resources.SimpleReloadableResourceManager.registerReloadListener(SimpleReloadableResourceManager.java:124) [SimpleReloadableResourceManager.class:?]
	at net.minecraft.client.Minecraft.startGame(Minecraft.java:507) [Minecraft.class:?]
	at net.minecraft.client.Minecraft.run(Minecraft.java:356) [Minecraft.class:?]
	at net.minecraft.client.main.Main.main(Main.java:117) [Main.class:?]
	at sun.reflect.NativeMethodAccessorImpl.invoke0(Native Method) ~[?:1.8.0_25]
	at sun.reflect.NativeMethodAccessorImpl.invoke(NativeMethodAccessorImpl.java:62) ~[?:1.8.0_25]
	at sun.reflect.DelegatingMethodAccessorImpl.invoke(DelegatingMethodAccessorImpl.java:43) ~[?:1.8.0_25]
	at java.lang.reflect.Method.invoke(Method.java:483) ~[?:1.8.0_25]
	at net.minecraft.launchwrapper.Launch.launch(Launch.java:135) [launchwrapper-1.11.jar:?]
	at net.minecraft.launchwrapper.Launch.main(Launch.java:28) [launchwrapper-1.11.jar:?]
	at net.minecraftforge.gradle.GradleStartCommon.launch(Unknown Source) [start/:?]
	at GradleStart.main(Unknown Source) [start/:?]
	at sun.reflect.NativeMethodAccessorImpl.invoke0(Native Method) ~[?:1.8.0_25]
	at sun.reflect.NativeMethodAccessorImpl.invoke(NativeMethodAccessorImpl.java:62) ~[?:1.8.0_25]
	at sun.reflect.DelegatingMethodAccessorImpl.invoke(DelegatingMethodAccessorImpl.java:43) ~[?:1.8.0_25]
	at java.lang.reflect.Method.invoke(Method.java:483) ~[?:1.8.0_25]
	at com.intellij.rt.execution.application.AppMain.main(AppMain.java:140) [idea_rt.jar:?]
Caused by: com.google.gson.JsonSyntaxException: java.lang.IllegalStateException: Not a JSON Object: "copper_Block.json"
	at com.google.gson.Gson.fromJson(Gson.java:815) ~[Gson.class:?]
	at com.google.gson.Gson.fromJson(Gson.java:741) ~[Gson.class:?]
	at net.minecraft.client.renderer.block.model.ModelBlockDefinition.parseFromReader(ModelBlockDefinition.java:35) ~[ModelBlockDefinition.class:?]
	at net.minecraft.client.resources.model.ModelBakery.getModelBlockDefinition(ModelBakery.java:162) ~[ModelBakery.class:?]
	... 21 more
Caused by: java.lang.IllegalStateException: Not a JSON Object: "copper_Block.json"
	at com.google.gson.JsonElement.getAsJsonObject(JsonElement.java:90) ~[JsonElement.class:?]
	at net.minecraft.client.renderer.block.model.ModelBlockDefinition$Deserializer.parseModelBlockDefinition(ModelBlockDefinition.java:103) ~[ModelBlockDefinition$Deserializer.class:?]
	at net.minecraft.client.renderer.block.model.ModelBlockDefinition$Deserializer.deserialize(ModelBlockDefinition.java:149) ~[ModelBlockDefinition$Deserializer.class:?]
	at com.google.gson.TreeTypeAdapter.read(TreeTypeAdapter.java:58) ~[TreeTypeAdapter.class:?]
	at com.google.gson.Gson.fromJson(Gson.java:803) ~[Gson.class:?]
	at com.google.gson.Gson.fromJson(Gson.java:741) ~[Gson.class:?]
	at net.minecraft.client.renderer.block.model.ModelBlockDefinition.parseFromReader(ModelBlockDefinition.java:35) ~[ModelBlockDefinition.class:?]
	at net.minecraft.client.resources.model.ModelBakery.getModelBlockDefinition(ModelBakery.java:162) ~[ModelBakery.class:?]
	... 21 more
[10:06:40] [Client thread/INFO]: Created: 512x512 textures-atlas
[10:06:41] [Client thread/INFO]: Reloading ResourceManager: Default, FMLFileResourcePack:Forge Mod Loader, FMLFileResourcePack:Minecraft Forge, FMLFileResourcePack:Battle Mod
[10:06:41] [Client thread/INFO]: SoundSystem shutting down...
[10:06:41] [Client thread/WARN]: Author: Paul Lamb, www.paulscode.com
[10:06:41] [Sound Library Loader/INFO]: Starting up SoundSystem...
[10:06:41] [Thread-9/INFO]: Initializing LWJGL OpenAL
[10:06:41] [Thread-9/INFO]: (The LWJGL binding of OpenAL.  For more information, see http://www.lwjgl.org)
[10:06:41] [Thread-9/INFO]: OpenAL initialized.
[10:06:42] [Sound Library Loader/INFO]: Sound engine started
[10:06:45] [Client thread/WARN]: Unable to load definition battlemod:bronze_Block#normal
java.lang.RuntimeException: Encountered an exception when loading model definition of 'battlemod:bronze_Block#normal' from: 'battlemod:blockstates/bronze_Block.json' in resourcepack: 'FMLFileResourcePack:Battle Mod'
	at net.minecraft.client.resources.model.ModelBakery.getModelBlockDefinition(ModelBakery.java:167) ~[ModelBakery.class:?]
	at net.minecraft.client.resources.model.ModelBakery.loadVariants(ModelBakery.java:118) [ModelBakery.class:?]
	at net.minecraftforge.client.model.ModelLoader.loadBlocks(ModelLoader.java:119) [ModelLoader.class:?]
	at net.minecraftforge.client.model.ModelLoader.setupModelRegistry(ModelLoader.java:89) [ModelLoader.class:?]
	at net.minecraft.client.resources.model.ModelManager.onResourceManagerReload(ModelManager.java:29) [ModelManager.class:?]
	at net.minecraft.client.resources.SimpleReloadableResourceManager.notifyReloadListeners(SimpleReloadableResourceManager.java:134) [SimpleReloadableResourceManager.class:?]
	at net.minecraft.client.resources.SimpleReloadableResourceManager.reloadResources(SimpleReloadableResourceManager.java:118) [SimpleReloadableResourceManager.class:?]
	at net.minecraft.client.Minecraft.refreshResources(Minecraft.java:767) [Minecraft.class:?]
	at net.minecraftforge.fml.client.FMLClientHandler.finishMinecraftLoading(FMLClientHandler.java:306) [FMLClientHandler.class:?]
	at net.minecraft.client.Minecraft.startGame(Minecraft.java:521) [Minecraft.class:?]
	at net.minecraft.client.Minecraft.run(Minecraft.java:356) [Minecraft.class:?]
	at net.minecraft.client.main.Main.main(Main.java:117) [Main.class:?]
	at sun.reflect.NativeMethodAccessorImpl.invoke0(Native Method) ~[?:1.8.0_25]
	at sun.reflect.NativeMethodAccessorImpl.invoke(NativeMethodAccessorImpl.java:62) ~[?:1.8.0_25]
	at sun.reflect.DelegatingMethodAccessorImpl.invoke(DelegatingMethodAccessorImpl.java:43) ~[?:1.8.0_25]
	at java.lang.reflect.Method.invoke(Method.java:483) ~[?:1.8.0_25]
	at net.minecraft.launchwrapper.Launch.launch(Launch.java:135) [launchwrapper-1.11.jar:?]
	at net.minecraft.launchwrapper.Launch.main(Launch.java:28) [launchwrapper-1.11.jar:?]
	at net.minecraftforge.gradle.GradleStartCommon.launch(Unknown Source) [start/:?]
	at GradleStart.main(Unknown Source) [start/:?]
	at sun.reflect.NativeMethodAccessorImpl.invoke0(Native Method) ~[?:1.8.0_25]
	at sun.reflect.NativeMethodAccessorImpl.invoke(NativeMethodAccessorImpl.java:62) ~[?:1.8.0_25]
	at sun.reflect.DelegatingMethodAccessorImpl.invoke(DelegatingMethodAccessorImpl.java:43) ~[?:1.8.0_25]
	at java.lang.reflect.Method.invoke(Method.java:483) ~[?:1.8.0_25]
	at com.intellij.rt.execution.application.AppMain.main(AppMain.java:140) [idea_rt.jar:?]
Caused by: com.google.gson.JsonSyntaxException: java.lang.IllegalStateException: Not a JSON Object: "bronze_Block.json"
	at com.google.gson.Gson.fromJson(Gson.java:815) ~[Gson.class:?]
	at com.google.gson.Gson.fromJson(Gson.java:741) ~[Gson.class:?]
	at net.minecraft.client.renderer.block.model.ModelBlockDefinition.parseFromReader(ModelBlockDefinition.java:35) ~[ModelBlockDefinition.class:?]
	at net.minecraft.client.resources.model.ModelBakery.getModelBlockDefinition(ModelBakery.java:162) ~[ModelBakery.class:?]
	... 24 more
Caused by: java.lang.IllegalStateException: Not a JSON Object: "bronze_Block.json"
	at com.google.gson.JsonElement.getAsJsonObject(JsonElement.java:90) ~[JsonElement.class:?]
	at net.minecraft.client.renderer.block.model.ModelBlockDefinition$Deserializer.parseModelBlockDefinition(ModelBlockDefinition.java:103) ~[ModelBlockDefinition$Deserializer.class:?]
	at net.minecraft.client.renderer.block.model.ModelBlockDefinition$Deserializer.deserialize(ModelBlockDefinition.java:149) ~[ModelBlockDefinition$Deserializer.class:?]
	at com.google.gson.TreeTypeAdapter.read(TreeTypeAdapter.java:58) ~[TreeTypeAdapter.class:?]
	at com.google.gson.Gson.fromJson(Gson.java:803) ~[Gson.class:?]
	at com.google.gson.Gson.fromJson(Gson.java:741) ~[Gson.class:?]
	at net.minecraft.client.renderer.block.model.ModelBlockDefinition.parseFromReader(ModelBlockDefinition.java:35) ~[ModelBlockDefinition.class:?]
	at net.minecraft.client.resources.model.ModelBakery.getModelBlockDefinition(ModelBakery.java:162) ~[ModelBakery.class:?]
	... 24 more
[10:06:45] [Client thread/WARN]: Unable to load definition battlemod:copper_Block#normal
java.lang.RuntimeException: Encountered an exception when loading model definition of 'battlemod:copper_Block#normal' from: 'battlemod:blockstates/copper_Block.json' in resourcepack: 'FMLFileResourcePack:Battle Mod'
	at net.minecraft.client.resources.model.ModelBakery.getModelBlockDefinition(ModelBakery.java:167) ~[ModelBakery.class:?]
	at net.minecraft.client.resources.model.ModelBakery.loadVariants(ModelBakery.java:118) [ModelBakery.class:?]
	at net.minecraftforge.client.model.ModelLoader.loadBlocks(ModelLoader.java:119) [ModelLoader.class:?]
	at net.minecraftforge.client.model.ModelLoader.setupModelRegistry(ModelLoader.java:89) [ModelLoader.class:?]
	at net.minecraft.client.resources.model.ModelManager.onResourceManagerReload(ModelManager.java:29) [ModelManager.class:?]
	at net.minecraft.client.resources.SimpleReloadableResourceManager.notifyReloadListeners(SimpleReloadableResourceManager.java:134) [SimpleReloadableResourceManager.class:?]
	at net.minecraft.client.resources.SimpleReloadableResourceManager.reloadResources(SimpleReloadableResourceManager.java:118) [SimpleReloadableResourceManager.class:?]
	at net.minecraft.client.Minecraft.refreshResources(Minecraft.java:767) [Minecraft.class:?]
	at net.minecraftforge.fml.client.FMLClientHandler.finishMinecraftLoading(FMLClientHandler.java:306) [FMLClientHandler.class:?]
	at net.minecraft.client.Minecraft.startGame(Minecraft.java:521) [Minecraft.class:?]
	at net.minecraft.client.Minecraft.run(Minecraft.java:356) [Minecraft.class:?]
	at net.minecraft.client.main.Main.main(Main.java:117) [Main.class:?]
	at sun.reflect.NativeMethodAccessorImpl.invoke0(Native Method) ~[?:1.8.0_25]
	at sun.reflect.NativeMethodAccessorImpl.invoke(NativeMethodAccessorImpl.java:62) ~[?:1.8.0_25]
	at sun.reflect.DelegatingMethodAccessorImpl.invoke(DelegatingMethodAccessorImpl.java:43) ~[?:1.8.0_25]
	at java.lang.reflect.Method.invoke(Method.java:483) ~[?:1.8.0_25]
	at net.minecraft.launchwrapper.Launch.launch(Launch.java:135) [launchwrapper-1.11.jar:?]
	at net.minecraft.launchwrapper.Launch.main(Launch.java:28) [launchwrapper-1.11.jar:?]
	at net.minecraftforge.gradle.GradleStartCommon.launch(Unknown Source) [start/:?]
	at GradleStart.main(Unknown Source) [start/:?]
	at sun.reflect.NativeMethodAccessorImpl.invoke0(Native Method) ~[?:1.8.0_25]
	at sun.reflect.NativeMethodAccessorImpl.invoke(NativeMethodAccessorImpl.java:62) ~[?:1.8.0_25]
	at sun.reflect.DelegatingMethodAccessorImpl.invoke(DelegatingMethodAccessorImpl.java:43) ~[?:1.8.0_25]
	at java.lang.reflect.Method.invoke(Method.java:483) ~[?:1.8.0_25]
	at com.intellij.rt.execution.application.AppMain.main(AppMain.java:140) [idea_rt.jar:?]
Caused by: com.google.gson.JsonSyntaxException: java.lang.IllegalStateException: Not a JSON Object: "copper_Block.json"
	at com.google.gson.Gson.fromJson(Gson.java:815) ~[Gson.class:?]
	at com.google.gson.Gson.fromJson(Gson.java:741) ~[Gson.class:?]
	at net.minecraft.client.renderer.block.model.ModelBlockDefinition.parseFromReader(ModelBlockDefinition.java:35) ~[ModelBlockDefinition.class:?]
	at net.minecraft.client.resources.model.ModelBakery.getModelBlockDefinition(ModelBakery.java:162) ~[ModelBakery.class:?]
	... 24 more
Caused by: java.lang.IllegalStateException: Not a JSON Object: "copper_Block.json"
	at com.google.gson.JsonElement.getAsJsonObject(JsonElement.java:90) ~[JsonElement.class:?]
	at net.minecraft.client.renderer.block.model.ModelBlockDefinition$Deserializer.parseModelBlockDefinition(ModelBlockDefinition.java:103) ~[ModelBlockDefinition$Deserializer.class:?]
	at net.minecraft.client.renderer.block.model.ModelBlockDefinition$Deserializer.deserialize(ModelBlockDefinition.java:149) ~[ModelBlockDefinition$Deserializer.class:?]
	at com.google.gson.TreeTypeAdapter.read(TreeTypeAdapter.java:58) ~[TreeTypeAdapter.class:?]
	at com.google.gson.Gson.fromJson(Gson.java:803) ~[Gson.class:?]
	at com.google.gson.Gson.fromJson(Gson.java:741) ~[Gson.class:?]
	at net.minecraft.client.renderer.block.model.ModelBlockDefinition.parseFromReader(ModelBlockDefinition.java:35) ~[ModelBlockDefinition.class:?]
	at net.minecraft.client.resources.model.ModelBakery.getModelBlockDefinition(ModelBakery.java:162) ~[ModelBakery.class:?]
	... 24 more
[10:06:46] [Client thread/INFO]: Created: 512x512 textures-atlas
[10:07:00] [Server thread/INFO]: Starting integrated minecraft server version 1.8
[10:07:00] [Server thread/INFO]: Generating keypair
[10:07:01] [Server thread/INFO]: Preparing start region for level 0
[10:07:02] [Server thread/INFO]: Preparing spawn area: 54%
[10:07:03] [Server thread/INFO]: Changing view distance to 12, from 10
[10:07:04] [Server thread/INFO]: Player468[local:E:85174f1d] logged in with entity id 156 at (-135.74240142198292, 67.0, 225.92520198288133)
[10:07:04] [Server thread/INFO]: Player468 joined the game
[10:07:08] [Server thread/INFO]: Saving and pausing game...
[10:07:08] [Server thread/INFO]: Saving chunks for level 'New World'/Overworld
[10:07:08] [Server thread/INFO]: Saving chunks for level 'New World'/Nether
[10:07:08] [Server thread/INFO]: Saving chunks for level 'New World'/The End
[10:07:25] [Server thread/INFO]: Saving and pausing game...
[10:07:25] [Server thread/INFO]: Saving chunks for level 'New World'/Overworld
[10:07:25] [Server thread/INFO]: Saving chunks for level 'New World'/Nether
[10:07:25] [Server thread/INFO]: Saving chunks for level 'New World'/The End
[10:07:25] [Server thread/INFO]: Stopping server
[10:07:25] [Server thread/INFO]: Saving players
[10:07:25] [Server thread/INFO]: Saving worlds
[10:07:25] [Server thread/INFO]: Saving chunks for level 'New World'/Overworld
[10:07:25] [Server thread/INFO]: Saving chunks for level 'New World'/Nether
[10:07:25] [Server thread/INFO]: Saving chunks for level 'New World'/The End
[10:07:26] [Client thread/INFO]: Stopping!
[10:07:26] [Client thread/INFO]: SoundSystem shutting down...
[10:07:26] [Client thread/WARN]: Author: Paul Lamb, www.paulscode.com
